Number of sites:	9758
Number of sequences:	253
Running HMMCluster with AIC scoring
Coarse gap:	5
253	0	9758	-1399.95	10429141	20861081.90	19735299.05
252	0	9758	-1501.15	10384002	20771006.29	19645223.45
251	0	9758	-1566.30	10339020	20681172.61	19555389.76
250	0	9758	-1612.05	10294279	20591782.10	19465999.26
249	0	9758	-1911.93	10249352	20502527.86	19376745.01
248	0	9758	-1990.95	10204769	20413519.90	19287737.05
247	0	9758	-2704.76	10159630	20324669.52	19198886.67
246	0	9758	-3081.52	10114887	20235937.04	19110154.19
245	0	9758	-3124.49	10071070	20148388.99	19022606.14
244	0	9758	-3765.74	10026988	20061507.49	18935724.64
243	0	9758	-3886.35	9983431	19974634.70	18848851.86
242	0	9758	-4062.87	9939867	19887859.74	18762076.90
241	0	9758	-4108.62	9896435	19801087.24	18675304.39
240	0	9758	-4176.55	9852994	19714341.09	18588558.25
239	0	9758	-4254.18	9809553	19627614.36	18501831.51
238	0	9758	-4339.88	9766110	19540899.75	18415116.91
237	0	9758	-4419.79	9722678	19454195.59	18328412.74
236	0	9758	-4537.55	9679228	19367531.11	18241748.26
235	0	9758	-4711.40	9635774	19280970.80	18155187.96
234	0	9758	-4870.83	9592387	19194515.65	18068732.81
233	0	9758	-5213.24	9548825	19108076.48	17982293.64
232	0	9758	-5419.80	9505423	19021685.60	17895902.75
231	0	9758	-6049.11	9461602	18935302.22	17809519.38
230	0	9758	-6343.61	9418213	18849113.22	17723330.37
229	0	9758	-6921.69	9374590	18763023.39	17637240.54
228	0	9758	-7307.37	9331448	18677510.73	17551727.89
227	0	9758	-8067.05	9287962	18592058.11	17466275.26
226	0	9758	-9396.32	9244115	18507022.63	17381239.79
225	0	9758	-10582.37	9200650	18422464.74	17296681.89
224	0	9758	-10643.37	9158518	18338322.73	17212539.89
223	0	9758	-12101.15	9114997	18254196.30	17128413.45
222	0	9758	-12972.56	9072192	18170329.11	17044546.27
221	0	9758	-13109.80	9030281	18086781.60	16960998.76
220	0	9758	-13240.11	8988434	18003348.22	16877565.38
219	0	9758	-13453.49	8946521	17919948.98	16794166.14
218	0	9758	-14753.09	8903554	17836614.19	16710831.34
217	0	9758	-15094.12	8861577	17753342.25	16627559.40
216	0	9758	-15444.11	8819670	17670228.22	16544445.38
215	0	9758	-15744.62	8777824	17587137.24	16461354.40
214	0	9758	-15868.00	8736167	17504070.00	16378287.16
213	0	9758	-16584.63	8694032	17421233.26	16295450.42
212	0	9758	-18764.25	8650447	17338422.51	16212639.66
211	0	9758	-19022.89	8608789	17255623.77	16129840.92
210	0	9758	-19176.76	8567277	17172907.53	16047124.68
209	0	9758	-19584.36	8525528	17090224.71	15964441.87
208	0	9758	-19808.88	8484015	17007647.76	15881864.91
207	0	9758	-19991.87	8442583	16925149.74	15799366.90
206	0	9758	-20227.54	8401140	16842735.08	15716952.24
205	0	9758	-20486.96	8359705	16760383.92	15634601.07
204	0	9758	-20779.47	8318263	16678084.93	15552302.09
203	0	9758	-21433.54	8276546	16595959.07	15470176.23
202	0	9758	-21846.97	8235099	16513891.95	15388109.10
201	0	9758	-22898.54	8193073	16431943.08	15306160.24
200	0	9758	-23095.40	8151958	16350106.79	15224323.95
199	0	9758	-26558.91	8107799	16268715.81	15142932.97
198	0	9758	-26740.51	8066930	16187341.02	15061558.17
197	0	9758	-26947.53	8026067	16106029.07	14980246.22
196	0	9758	-27000.21	7985381	16024762.43	14898979.58
195	0	9758	-27913.40	7943838	15943502.80	14817719.96
194	0	9758	-28004.43	7903151	15862310.87	14736528.02
193	0	9758	-28140.29	7862451	15781182.58	14655399.73
192	0	9758	-28329.52	7821746	15700151.05	14574368.20
191	0	9758	-28945.32	7780620	15619130.64	14493347.80
190	0	9758	-29064.54	7739994	15538117.08	14412334.24
189	0	9758	-29291.81	7699286	15457155.62	14331372.77
188	0	9758	-29393.01	7658713	15376212.02	14250429.17
187	0	9758	-29554.46	7618088	15295284.93	14169502.08
186	0	9758	-30597.79	7576627	15214449.58	14088666.74
185	0	9758	-30722.56	7536113	15133671.12	14007888.27
184	0	9758	-30900.21	7495593	15052986.42	13927203.57
183	0	9758	-31115.09	7455052	14972334.17	13846551.33
182	0	9758	-31299.46	7414548	14891694.92	13765912.08
181	0	9758	-32143.30	7373399	14811084.60	13685301.75
180	0	9758	-32376.20	7332896	14730544.39	13604761.55
179	0	9758	-32563.35	7292458	14650042.69	13524259.85
178	0	9758	-32850.44	7251945	14569590.87	13443808.03
177	0	9758	-33008.47	7211562	14489140.95	13363358.10
176	0	9758	-33300.98	7171046	14408693.96	13282911.12
175	0	9758	-33511.70	7130617	14328257.40	13202474.55
174	0	9758	-33672.51	7090238	14247821.02	13122038.17
173	0	9758	-33754.30	7049939	14167386.60	13041603.75
172	0	9758	-33960.86	7009525	14086971.72	12961188.87
171	0	9758	-34039.88	6969239	14006557.75	12880774.91
170	0	9758	-34220.09	6928874	13926188.19	12800405.34
169	0	9758	-34478.00	6888435	13845826.00	12720043.15
168	0	9758	-34618.02	6848117	13765470.04	12639687.20
167	0	9758	-34683.24	6807875	13685116.48	12559333.63
166	0	9758	-34862.07	6767520	13604764.14	12478981.29
165	0	9758	-34975.75	6727233	13524417.49	12398634.65
164	0	9758	-35186.90	6686851	13444075.81	12318292.96
163	0	9758	-35314.44	6646563	13363754.88	12237972.04
162	0	9758	-35404.80	6606321	13283451.59	12157668.74
161	0	9758	-35551.97	6566024	13203151.93	12077369.09
160	0	9758	-35843.09	6525585	13122856.17	11997073.33
159	0	9758	-35981.72	6485299	13042561.43	11916778.59
158	0	9758	-36257.70	6444887	12962289.39	11836506.55
157	0	9758	-36413.26	6404597	12882020.53	11756237.68
156	0	9758	-36557.44	6364320	12801754.88	11675972.03
155	0	9758	-36746.69	6324007	12721507.38	11595724.54
154	0	9758	-36882.55	6283751	12641267.09	11515484.25
153	0	9758	-37018.40	6243506	12561048.81	11435265.96
152	0	9758	-37188.42	6203237	12480850.85	11355068.00
151	0	9758	-37364.48	6162962	12400652.97	11274870.12
150	0	9758	-37515.58	6122712	12320455.16	11194672.32
149	0	9758	-37730.46	6082399	12240258.91	11114476.07
148	0	9758	-37892.65	6042142	12160069.31	11034286.46
147	0	9758	-38072.94	6001874	12079893.89	10954111.04
146	0	9758	-38359.91	5961500	11999719.82	10873936.97
145	0	9758	-38580.33	5921194	11919548.66	10793765.81
144	0	9758	-38753.24	5880940	11839386.48	10713603.63
143	0	9758	-38977.82	5840636	11759227.64	10633444.79
142	0	9758	-39162.00	5800374	11679072.01	10553289.16
141	0	9758	-39415.25	5760045	11598920.49	10473137.65
140	0	9758	-39853.19	5719542	11518790.39	10393007.54
139	0	9758	-39997.37	5679333	11438660.73	10312877.89
138	0	9758	-40313.44	5638954	11358534.89	10232752.04
137	0	9758	-40552.38	5598654	11278412.75	10152629.91
136	0	9758	-40773.37	5558379	11198304.73	10072521.89
135	0	9758	-41020.86	5518082	11118205.72	9992422.87
134	0	9758	-41263.90	5477797	11038121.80	9912338.96
133	0	9758	-41509.18	5437510	10958038.35	9832255.51
132	0	9758	-41729.45	5397250	10877958.90	9752176.05
131	0	9758	-41971.69	5356978	10797899.38	9672116.53
130	0	9758	-42382.14	5316540	10717844.28	9592061.44
129	0	9758	-42488.89	5276411	10637799.77	9512016.93
128	0	9758	-42735.80	5236145	10557761.60	9431978.75
127	0	9758	-43027.96	5195838	10477731.92	9351949.08
126	0	9758	-43227.97	5155626	10397707.95	9271925.10
125	0	9758	-43435.92	5115409	10317689.83	9191906.99
124	0	9758	-43782.72	5075057	10237679.43	9111896.59
123	0	9758	-44022.55	5034815	10157675.09	9031892.24
122	0	9758	-44405.38	4994443	10077696.77	8951913.92
121	0	9758	-44715.77	4954146	9997723.54	8871940.70
120	0	9758	-44975.30	4913902	9917754.60	8791971.75
119	0	9758	-45337.91	4873560	9837795.83	8712012.98
118	0	9758	-45701.91	4833221	9757845.83	8632062.98
117	0	9758	-45945.90	4793003	9677897.80	8552114.96
116	0	9758	-46237.02	4752742	9597958.05	8472175.20
115	0	9758	-46777.65	4712232	9518019.30	8392236.46
114	0	9758	-47110.92	4671932	9438085.83	8312302.99
113	0	9758	-47313.40	4631768	9358162.80	8232379.95
112	0	9758	-47481.14	4591640	9278242.28	8152459.43
111	0	9758	-47782.34	4551382	9198328.67	8072545.83
110	0	9758	-48119.94	4511099	9118437.87	7992655.03
109	0	9758	-48284.90	4470995	9038559.81	7912776.96
108	0	9758	-48521.48	4430831	8958704.97	7832922.12
107	0	9758	-48718.34	4390732	8878900.67	7753117.83
106	0	9758	-48899.94	4350651	8799101.88	7673319.04
105	0	9758	-49415.12	4310241	8719312.24	7593529.40
104	0	9758	-49614.75	4270157	8639543.49	7513760.65
103	0	9758	-51082.63	4228814	8559793.26	7434010.42
102	0	9758	-51316.71	4188712	8480057.42	7354274.58
101	0	9758	-51477.52	4148689	8400333.04	7274550.20
100	0	9758	-51849.46	4108455	8320608.93	7194826.08
99	0	9758	-52358.74	4068093	8240903.47	7115120.62
98	0	9758	-52883.63	4027718	8161203.26	7035420.41
97	0	9758	-53149.77	3987606	8081511.54	6955728.69
96	0	9758	-53587.53	3947323	8001821.06	6876038.21
95	0	9758	-54337.96	3906731	7922137.92	6796355.07
94	0	9758	-55029.72	3866219	7842497.44	6716714.60
93	0	9758	-55622.04	3825820	7762884.08	6637101.24
92	0	9758	-55773.15	3785864	7683274.29	6557491.45
91	0	9758	-56008.60	3745834	7603685.21	6477902.36
90	0	9758	-56443.90	3705605	7524097.80	6398314.96
89	0	9758	-56752.29	3665511	7444526.58	6318743.74
88	0	9758	-57233.25	3625246	7364958.50	6239175.65
87	0	9758	-57771.01	3584927	7285396.02	6159613.18
86	0	9758	-58377.54	3544547	7205849.08	6080066.23
85	0	9758	-58894.01	3504277	7126342.02	6000559.17
84	0	9758	-59269.94	3464150	7046839.87	5921057.03
83	0	9758	-59494.88	3424174	6967337.76	5841554.92
82	0	9758	-59862.25	3384092	6887908.50	5762125.65
81	0	9758	-60528.94	3343713	6808483.89	5682701.04
80	0	9758	-60845.02	3303689	6729068.04	5603285.19
79	0	9758	-61282.66	3263556	6649677.31	5523894.47
78	0	9758	-61887.80	3223279	6570333.60	5444550.76
77	0	9758	-62923.96	3182581	6491009.92	5365227.08
76	0	9758	-63368.33	3142478	6411692.66	5285909.82
75	0	9758	-63636.98	3102570	6332413.97	5206631.12
74	0	9758	-64579.18	3061997	6253152.35	5127369.51
73	0	9758	-65252.36	3021720	6173944.73	5048161.88
72	0	9758	-66017.62	2981351	6094737.25	4968954.40
71	0	9758	-66447.94	2941322	6015539.88	4889757.04
70	0	9758	-67159.26	2901018	5936354.51	4810571.66
69	0	9758	-67552.39	2861036	5857176.78	4731393.93
68	0	9758	-68167.90	2820833	5778001.81	4652218.96
67	0	9758	-69118.90	2780313	5698863.80	4573080.96
66	0	9758	-69644.50	2740233	5619754.99	4493972.15
65	0	9758	-70635.70	2699689	5540649.39	4414866.55
64	0	9758	-71373.01	2659432	5461610.02	4335827.17
63	0	9758	-72103.42	2619183	5382572.84	4256789.99
62	0	9758	-72727.53	2579049	5303553.07	4177770.22
61	0	9758	-73355.61	2538936	5224583.22	4098800.37
60	0	9758	-74421.37	2498399	5145640.74	4019857.90
59	0	9758	-75687.06	2457665	5066704.12	3940921.27
58	0	9758	-76361.04	2417524	4987770.07	3861987.23
57	0	9758	-76995.71	2377428	4908847.42	3783064.58
56	0	9758	-78058.40	2336911	4829938.79	3704155.95
55	0	9758	-79297.20	2296252	4751098.40	3625315.55
54	0	9758	-80381.28	2255773	4672308.56	3546525.72
53	0	9758	-81264.07	2215511	4593550.15	3467767.30
52	0	9758	-82488.05	2174918	4514812.09	3389029.25
51	0	9758	-83603.42	2134549	4436304.84	3310522.00
50	0	9758	-84940.95	2093963	4357807.90	3232025.06
49	0	9758	-86224.06	2053449	4279346.11	3153563.27
48	0	9758	-87718.04	2012737	4200910.07	3075127.23
47	0	9758	-89420.41	1971861	4122562.81	2996779.97
46	0	9758	-91688.38	1930506	4044388.77	2918605.92
45	0	9758	-92758.75	1890349	3966215.51	2840432.66
44	0	9758	-93791.41	1850294	3888170.81	2762387.97
43	0	9758	-95102.23	1809994	3810192.47	2684409.62
42	0	9758	-96659.82	1769490	3732299.63	2606516.79
41	0	9758	-98559.46	1728655	3654428.92	2528646.07
40	0	9758	-99740.45	1688579	3576638.91	2450856.06
39	0	9758	-101710.03	1647729	3498878.06	2373095.21
38	0	9758	-104657.29	1605922	3421158.58	2295375.74
37	0	9758	-105931.70	1565831	3343525.40	2217742.56
36	0	9758	-108570.11	1524424	3265988.22	2140205.37
35	0	9758	-112582.50	1481697	3188559.00	2062776.16
34	0	9758	-114286.60	1441286	3111145.20	1985362.35
33	0	9758	-116169.85	1400716	3033771.70	1907988.85
32	0	9758	-119223.25	1359153	2956752.49	1830969.65
31	0	9758	-121189.01	1318749	2879876.02	1754093.18
30	0	9758	-123689.89	1277948	2803275.77	1677492.93
29	0	9758	-126995.84	1236436	2726863.67	1601080.83
28	0	9758	-130874.60	1194393	2650535.19	1524752.35
27	0	9758	-134077.26	1153138	2574430.51	1448647.67
26	0	9758	-136827.52	1112361	2498377.05	1372594.20
25	0	9758	-139338.07	1071896	2422468.13	1296685.28
24	0	9758	-142246.87	1031434	2347361.73	1221578.89
23	0	9758	-147087.11	989405	2272984.22	1147201.37
22	0	9758	-152966.96	946473	2198879.92	1073097.07
21	0	9758	-158090.52	905066	2126313.05	1000530.20
20	0	9758	-162298.80	864582	2053761.59	927978.75
19	0	9758	-170024.29	821584	1983216.58	857433.73
18	0	9758	-176220.61	780311	1913063.22	787280.37
17	0	9758	-181720.95	739988	1843417.90	717635.05
16	0	9758	-191461.67	695518	1773959.34	648176.50
15	0	9758	-199065.86	653367	1704865.73	579082.88
14	0	9758	-206685.84	612261	1637893.69	512110.84
13	0	9758	-217076.61	570066	1574285.22	448502.38
12	0	9758	-227791.04	527930	1511442.09	385659.24
11	0	9758	-238313.00	487393	1451411.99	325629.15
10	0	9758	-253786.55	442612	1392797.10	267014.25
9	0	9758	-267679.34	401643	1338644.68	212861.83
8	0	9758	-282208.24	361114	1286644.49	160861.64
7	0	9758	-301155.54	317938	1238187.08	112404.24
6	0	9758	-320132.31	277093	1194450.61	68667.76
5	0	9758	-343565.71	232840	1152811.42	27028.57
4	0	9758	-371840.79	189085	1121851.59	-3931.26
3	0	9758	-405395.76	144519	1099829.51	-25953.33
2	0	9758	-450870.56	96936	1095613.12	-30169.72
1	0	9758	-514101.42	48790	1125782.85	0.00

2	0	9758	-450870.56	96936	1095613.12	-30169.72

[0, 1, 2, 3, 4, 5, 6, 7, 8, 9, 10, 11, 12, 13, 14, 15, 16, 17, 18, 19, 20, 21, 22, 23, 24, 25, 26, 27, 28, 29, 30, 31, 49, 69, 70, 71, 72, 73, 74, 75, 76, 77, 78, 79, 80, 81, 82, 83, 84, 85, 86, 87, 88, 89, 90, 91, 103, 209, 236]	-121519.42	48150	339338.84
0	22763_1.sorted_H0_2
1	22763_1.sorted_H1_2
2	22763_1.sorted_H2_2
3	22763_1.sorted_H3_2
4	22763_2.sorted_H0_1
5	22763_2.sorted_H1_1
6	22763_2.sorted_H2_1
7	22763_2.sorted_H3_1
8	22763_3.sorted_H0_2
9	22763_3.sorted_H1_2
10	22763_3.sorted_H2_2
11	22763_3.sorted_H3_2
12	22763_4.sorted_H0_2
13	22763_4.sorted_H1_2
14	22763_4.sorted_H2_2
15	22763_4.sorted_H3_2
16	22763_5.sorted_H0_1
17	22763_5.sorted_H1_1
18	22763_5.sorted_H2_1
19	22763_5.sorted_H3_1
20	22763_6.sorted_H0_1
21	22763_6.sorted_H1_1
22	22763_6.sorted_H2_1
23	22763_6.sorted_H3_1
24	22763_7.sorted_H0_2
25	22763_7.sorted_H1_2
26	22763_7.sorted_H2_2
27	22763_7.sorted_H3_2
28	22763_8.sorted_H0_2
29	22763_8.sorted_H1_2
30	22763_8.sorted_H2_2
31	22763_8.sorted_H3_2
49	15664_1.sorted_H2_2
69	16207_1.sorted_H0_2
70	16207_1.sorted_H1_2
71	16207_1.sorted_H2_2
72	16207_1.sorted_H3_2
73	16207_2.sorted_H0_1
74	16207_2.sorted_H1_1
75	16207_2.sorted_H2_1
76	16207_2.sorted_H3_1
77	16207_3.sorted_H0_2
78	16207_3.sorted_H1_2
79	16207_3.sorted_H2_2
80	16207_3.sorted_H3_2
81	16207_4.sorted_H0_1
82	16207_4.sorted_H1_1
83	16207_4.sorted_H2_1
84	16207_4.sorted_H3_1
85	16207_5.sorted_H0_2
86	16207_5.sorted_H1_2
87	16207_5.sorted_H2_2
88	16207_6.sorted_H0_1
89	16207_6.sorted_H1_1
90	16207_6.sorted_H2_1
91	16207_6.sorted_H3_1
103	17339_4.sorted_H2_2
209	29447_1.sorted_H2_2
236	34253_1.sorted_H0_1

[32, 33, 34, 35, 36, 37, 38, 39, 40, 41, 42, 43, 44, 45, 46, 47, 48, 50, 51, 52, 53, 54, 55, 56, 57, 58, 59, 60, 61, 62, 63, 64, 65, 66, 67, 68, 92, 93, 94, 95, 96, 97, 98, 99, 100, 101, 102, 104, 105, 106, 107, 108, 109, 110, 111, 112, 113, 114, 115, 116, 117, 118, 119, 120, 121, 122, 123, 124, 125, 126, 127, 128, 129, 130, 131, 132, 133, 134, 135, 136, 137, 138, 139, 140, 141, 142, 143, 144, 145, 146, 147, 148, 149, 150, 151, 152, 153, 154, 155, 156, 157, 158, 159, 160, 161, 162, 163, 164, 165, 166, 167, 168, 169, 170, 171, 172, 173, 174, 175, 176, 177, 178, 179, 180, 181, 182, 183, 184, 185, 186, 187, 188, 189, 190, 191, 192, 193, 194, 195, 196, 197, 198, 199, 200, 201, 202, 203, 204, 205, 206, 207, 208, 210, 211, 212, 213, 214, 215, 216, 217, 218, 219, 220, 221, 222, 223, 224, 225, 226, 227, 228, 229, 230, 231, 232, 233, 234, 235, 237, 238, 239, 240, 241, 242, 243, 244, 245, 246, 247, 248, 249, 250, 251, 252]	-329351.14	48786	756274.28
32	12796_1.sorted_H0_2
33	12796_1.sorted_H1_2
34	12796_1.sorted_H2_2
35	12796_2.sorted_H0_3
36	12796_2.sorted_H1_3
37	13003_1.sorted_H0_2
38	13003_1.sorted_H1_2
39	13003_1.sorted_H2_2
40	13003_2.sorted_H0_2
41	13003_2.sorted_H1_2
42	13003_2.sorted_H2_2
43	13003_3.sorted_H0_1
44	13003_3.sorted_H1_1
45	13003_3.sorted_H2_1
46	13003_3.sorted_H3_1
47	15664_1.sorted_H0_2
48	15664_1.sorted_H1_2
50	15664_2.sorted_H0_2
51	15664_2.sorted_H1_2
52	15664_2.sorted_H2_2
53	15664_2.sorted_H3_2
54	15664_3.sorted_H0_2
55	15664_3.sorted_H1_2
56	15664_3.sorted_H2_2
57	15664_3.sorted_H3_2
58	15664_4.sorted_H0_2
59	15664_4.sorted_H1_2
60	15664_4.sorted_H2_2
61	15664_5.sorted_H0_2
62	15664_5.sorted_H1_2
63	15664_5.sorted_H2_2
64	15664_5.sorted_H3_2
65	15664_6.sorted_H0_1
66	15664_6.sorted_H1_1
67	15664_6.sorted_H2_1
68	15664_6.sorted_H3_1
92	17339_1.sorted_H0_2
93	17339_1.sorted_H1_2
94	17339_1.sorted_H2_2
95	17339_2.sorted_H0_2
96	17339_2.sorted_H1_2
97	17339_2.sorted_H2_2
98	17339_3.sorted_H1_2
99	17339_3.sorted_H2_2
100	17339_3.sorted_H3_2
101	17339_4.sorted_H0_2
102	17339_4.sorted_H1_2
104	19937_1.sorted_H0_2
105	19937_1.sorted_H1_2
106	19937_1.sorted_H2_2
107	19937_2.sorted_H0_2
108	19937_2.sorted_H1_2
109	19937_2.sorted_H2_2
110	19937_2.sorted_H3_2
111	19937_3.sorted_H0_2
112	19937_3.sorted_H1_2
113	19937_3.sorted_H2_2
114	22097_1.sorted_H0_2
115	22097_1.sorted_H1_2
116	22097_1.sorted_H2_2
117	22097_2.sorted_H0_2
118	22097_2.sorted_H1_2
119	22097_2.sorted_H2_2
120	22097_3.sorted_H0_2
121	22097_3.sorted_H1_2
122	22097_3.sorted_H2_2
123	22097_3.sorted_H3_2
124	22828_1.sorted_H0_2
125	22828_1.sorted_H1_2
126	22828_1.sorted_H2_2
127	22828_2.sorted_H0_1
128	22828_2.sorted_H1_1
129	22828_2.sorted_H2_1
130	22828_2.sorted_H3_1
131	22828_3.sorted_H0_2
132	22828_3.sorted_H1_2
133	22828_3.sorted_H2_2
134	22828_4.sorted_H0_2
135	22828_4.sorted_H1_2
136	22828_4.sorted_H2_2
137	22828_4.sorted_H3_2
138	22828_5.sorted_H0_1
139	22828_5.sorted_H1_1
140	22828_5.sorted_H2_1
141	22828_5.sorted_H3_1
142	22828_6.sorted_H0_1
143	22828_6.sorted_H1_1
144	22828_6.sorted_H2_1
145	22828_6.sorted_H3_1
146	23271_1.sorted_H0_4
147	23271_2.sorted_H2_1
148	23271_3.sorted_H0_2
149	23271_3.sorted_H2_2
150	26892_1.sorted_H0_1
151	26892_1.sorted_H1_1
152	26892_1.sorted_H2_1
153	26892_1.sorted_H3_1
154	26892_2.sorted_H0_2
155	26892_2.sorted_H1_2
156	26892_2.sorted_H2_2
157	26892_2.sorted_H3_2
158	26892_3.sorted_H0_2
159	26892_3.sorted_H1_2
160	26892_3.sorted_H2_2
161	26892_4.sorted_H0_1
162	26892_4.sorted_H1_1
163	26892_4.sorted_H2_1
164	26892_4.sorted_H3_1
165	26892_5.sorted_H0_1
166	26892_5.sorted_H1_1
167	26892_5.sorted_H2_1
168	26892_5.sorted_H3_1
169	26892_6.sorted_H0_2
170	26892_6.sorted_H1_2
171	26892_6.sorted_H2_2
172	26892_6.sorted_H3_2
173	26892_7.sorted_H0_1
174	26892_7.sorted_H1_1
175	26892_7.sorted_H2_1
176	26892_7.sorted_H3_1
177	28545_1.sorted_H0_2
178	28545_1.sorted_H1_2
179	28545_1.sorted_H2_2
180	28545_1.sorted_H3_2
181	28545_2.sorted_H0_3
182	28545_2.sorted_H1_3
183	28545_3.sorted_H0_2
184	28545_3.sorted_H1_2
185	28545_3.sorted_H2_2
186	28545_4.sorted_H0_3
187	28545_4.sorted_H1_3
188	28545_5.sorted_H0_2
189	28545_5.sorted_H1_2
190	28545_5.sorted_H2_2
191	28841_1.sorted_H0_2
192	28841_1.sorted_H1_2
193	28841_1.sorted_H2_2
194	28841_2.sorted_H0_2
195	28841_2.sorted_H1_2
196	28841_2.sorted_H2_2
197	28841_2.sorted_H3_2
198	29219_1.sorted_H0_3
199	29219_1.sorted_H1_3
200	29219_2.sorted_H0_2
201	29219_2.sorted_H1_2
202	29219_2.sorted_H2_2
203	29219_3.sorted_H0_2
204	29219_3.sorted_H1_2
205	29219_3.sorted_H2_2
206	29219_3.sorted_H3_2
207	29447_1.sorted_H0_2
208	29447_1.sorted_H1_2
210	29447_2.sorted_H0_2
211	29447_2.sorted_H1_2
212	29447_2.sorted_H2_2
213	29447_2.sorted_H3_2
214	29447_3.sorted_H0_2
215	29447_3.sorted_H1_2
216	29447_3.sorted_H2_2
217	29447_3.sorted_H3_2
218	29447_4.sorted_H0_2
219	29447_4.sorted_H1_2
220	29447_4.sorted_H2_2
221	29447_4.sorted_H3_2
222	31254_1.sorted_H0_2
223	31254_1.sorted_H1_2
224	31254_1.sorted_H2_2
225	31254_2.sorted_H0_2
226	31254_2.sorted_H1_2
227	31254_2.sorted_H2_2
228	31254_2.sorted_H3_2
229	31254_3.sorted_H0_2
230	31254_3.sorted_H1_2
231	31254_3.sorted_H2_2
232	31254_3.sorted_H3_2
233	31254_4.sorted_H0_2
234	31254_4.sorted_H1_2
235	31254_4.sorted_H2_2
237	34253_1.sorted_H1_1
238	34253_1.sorted_H2_1
239	34253_1.sorted_H3_1
240	34253_2.sorted_H1_2
241	34253_2.sorted_H2_2
242	47939_1.sorted_H0_2
243	47939_1.sorted_H1_2
244	47939_1.sorted_H2_2
245	47939_1.sorted_H3_2
246	47939_2.sorted_H0_2
247	47939_2.sorted_H1_2
248	47939_2.sorted_H2_2
249	47939_3.sorted_H0_1
250	47939_3.sorted_H1_1
251	47939_3.sorted_H2_1
252	47939_3.sorted_H3_1
